On branch main
Your branch is up to date with 'origin/main'.

Changes not staged for commit:
  (use "git add <file>..." to update what will be committed)
  (use "git restore <file>..." to discard changes in working directory)
	modified:   config/msalde.yaml
	modified:   config/msaldem.yaml
	modified:   config/simulations.yaml
	modified:   msalde/container.py
	modified:   msalde/data_file_loader.py
	modified:   msalde/dbmodel.py
	modified:   msalde/model.py
	modified:   msalde/repository.py
	modified:   msalde/simulator.py

Untracked files:
  (use "git add <file>..." to include in what will be committed)
	backup.bat
	junk.lis
	msalde/esm_ll_learner.py
	msalde/query_repository.py
	notebooks/
	scripts/runs/run_maves.py

no changes added to commit (use "git add" and/or "git commit -a")
