round_num  tr_rmse             v_rmse             t_rmse             t_r2                  t_spear          
---------  ------------------  -----------------  -----------------  --------------------  -----------------
1                              0.487484846129225  0.485586325481305  -3.7365837857091                       
2          0.0854084845364786  0.221411610172826  0.22335816074071   -0.00259600475447534  0.174661646091246
3          0.0773300767958712  0.220053769664186  0.221298397677643  0.0160032370833371    0.179789065365474
4          0.0744279958357733  0.218770149151817  0.218972938802356  0.0366894151780135    0.213848726940829
5          0.0722788783552105  0.219171425555018  0.218981464070267  0.0365224403108663    0.215303699819008
6          0.0706543954370394  0.219506631084289  0.218597460487741  0.0397385144070594    0.225376075221774
7          0.0705330632108374  0.218331016796377  0.217593132528623  0.0485770455987347    0.230654964180485
8          0.0705732026342464  0.218587780862948  0.216390059986106  0.0588303690146691    0.249934100012535
9          0.069282961513596   0.21894356704296   0.21597800205291   0.0625913009772283    0.252296765202548
10         0.0699203809309194  0.21828153508533   0.214655971642366  0.0740358286345146    0.266620261816743
round_num  rmse    r2       spearm
---------  ------  -------  ------
1          0.4856  -3.7366        
2          0.2234  -0.0026  0.1747
3          0.2213  0.016    0.1798
4          0.219   0.0367   0.2138
5          0.219   0.0365   0.2153
6          0.2186  0.0397   0.2254
7          0.2176  0.0486   0.2307
8          0.2164  0.0588   0.2499
9          0.216   0.0626   0.2523
10         0.2147  0.074    0.2666
round_num  avg_max_score      stddev            
---------  -----------------  ------------------
1          0.686941679450571  0.0               
2          0.867762489049017  0.0549541865491896
3          0.903766523543264  0.0364038804461444
4          0.927335914012519  0.0129554107939816
5          0.946125459703945  0.02949673995819  
6          0.946902294995684  0.0287435291660557
7          0.955393914895254  0.0223812096858927
8          0.956124307175124  0.0220697384103064
9          0.958039221068957  0.0209982002954277
10         0.958039221068957  0.0209982002954277
